[    9268ms] [ERROR] Failed to load resource: the server responded with a status of 500 (Internal Server Error) @ http://localhost:3000/:0
[    9340ms] [INFO] %cDownload the React DevTools for a better development experience: https://react.dev/link/react-devtools font-weight:bold @ http://localhost:3000/_next/static/chunks/node_modules_react-dom_4411d9bd._.js:14107
[    9388ms] Error: ./src/lib/prisma.ts:1:1
Module not found: Can't resolve '@/generated/prisma'
> 1 | import { PrismaClient } from "@/generated/prisma";
    | ^^^^^^^^^^^^^^^^^^^^^^^^^^^^^^^^^^^^^^^^^^^^^^^^^^
  2 |
  3 | const globalForPrisma = globalThis as unknown as {
  4 |   prisma: PrismaClient | undefined;

Import map: aliased to relative './src/generated/prisma' inside of [project]/


Import trace:
  Server Component:
    ./src/lib/prisma.ts
    ./src/actions/create-project.ts
    ./src/app/page.tsx

https://nextjs.org/docs/messages/module-not-found


    at <unknown> (Error: ./src/lib/prisma.ts:1:1)
    at <unknown> (https://nextjs.org/docs/messages/module-not-found)
    at Object.getCompilationErrors (file://D:\dev\ai\uigen\node_modules\next\dist\server\dev\hot-reloader-turbopack.js:775:59)
    at DevBundlerService.getCompilationError (file://D:\dev\ai\uigen\node_modules\next\dist\server\lib\dev-bundler-service.js:39:55)
    at DevServer.getCompilationError (file://D:\dev\ai\uigen\node_modules\next\dist\server\dev\next-dev-server.js:721:42)
    at DevServer.findPageComponents (file://D:\dev\ai\uigen\node_modules\next\dist\server\dev\next-dev-server.js:691:43)
    at async DevServer.renderErrorToResponseImpl (file://D:\dev\ai\uigen\node_modules\next\dist\server\base-server.js:1695:26)
[    9385ms] [LOG] [HMR] connected @ http://localhost:3000/_next/static/chunks/node_modules_next_dist_client_d0aa886c._.js:2208
[    9389ms] [ERROR] ./src/lib/prisma.ts:1:1
Module not found: Can't resolve '@/generated/prisma'
> 1 | import { PrismaClient } from "@/generated/prisma";
    | ^^^^^^^^^^^^^^^^^^^^^^^^^^^^^^^^^^^^^^^^^^^^^^^^^^
  2 |
  3 | const globalForPrisma = globalThis as unknown as {
  4 |   prisma: PrismaClient | undefined;

Import map: aliased to relative './src/generated/prisma' inside of [project]/

Import trace:
  Server Component:
    ./src/lib/prisma.ts
    ./src/actions/create-project.ts
    ./src/app/page.tsx

https://nextjs.org/docs/messages/module-not-found @ http://localhost:3000/_next/static/chunks/node_modules_next_dist_5b402162._.js:1747
[    9434ms] [LOG] {file: Object} @ http://localhost:3000/_next/static/chunks/node_modules_next_dist_compiled_next-devtools_index_5277ebc8.js:16058
[    9493ms] [LOG] [Fast Refresh] rebuilding @ http://localhost:3000/_next/static/chunks/node_modules_next_dist_client_d0aa886c._.js:2496
[    9656ms] [ERROR] Failed to load resource: the server responded with a status of 500 (Internal Server Error) @ http://localhost:3000/favicon.ico:0
[    9668ms] [ERROR] ./src/lib/prisma.ts:1:1
Module not found: Can't resolve '@/generated/prisma'
> 1 | import { PrismaClient } from "@/generated/prisma";
    | ^^^^^^^^^^^^^^^^^^^^^^^^^^^^^^^^^^^^^^^^^^^^^^^^^^
  2 |
  3 | const globalForPrisma = globalThis as unknown as {
  4 |   prisma: PrismaClient | undefined;

Import map: aliased to relative './src/generated/prisma' inside of [project]/

Import trace:
  Server Component:
    ./src/lib/prisma.ts
    ./src/actions/create-project.ts
    ./src/app/page.tsx

https://nextjs.org/docs/messages/module-not-found @ http://localhost:3000/_next/static/chunks/node_modules_next_dist_5b402162._.js:1747
[    9700ms] [ERROR] ./src/lib/prisma.ts:1:1
Module not found: Can't resolve '@/generated/prisma'
> 1 | import { PrismaClient } from "@/generated/prisma";
    | ^^^^^^^^^^^^^^^^^^^^^^^^^^^^^^^^^^^^^^^^^^^^^^^^^^
  2 |
  3 | const globalForPrisma = globalThis as unknown as {
  4 |   prisma: PrismaClient | undefined;

Import map: aliased to relative './src/generated/prisma' inside of [project]/

Import trace:
  Server Component:
    ./src/lib/prisma.ts
    ./src/actions/create-project.ts
    ./src/app/page.tsx

https://nextjs.org/docs/messages/module-not-found @ http://localhost:3000/_next/static/chunks/node_modules_next_dist_5b402162._.js:1747
[    9778ms] [LOG] [Fast Refresh] rebuilding @ http://localhost:3000/_next/static/chunks/node_modules_next_dist_client_d0aa886c._.js:2496
[   24498ms] [ERROR] ./src/lib/prisma.ts:1:1
Module not found: Can't resolve '@/generated/prisma'
> 1 | import { PrismaClient } from "@/generated/prisma";
    | ^^^^^^^^^^^^^^^^^^^^^^^^^^^^^^^^^^^^^^^^^^^^^^^^^^
  2 |
  3 | const globalForPrisma = globalThis as unknown as {
  4 |   prisma: PrismaClient | undefined;

Import map: aliased to relative './src/generated/prisma' inside of [project]/

Import trace:
  Server Component:
    ./src/lib/prisma.ts
    ./src/actions/create-project.ts
    ./src/app/page.tsx

https://nextjs.org/docs/messages/module-not-found @ http://localhost:3000/_next/static/chunks/node_modules_next_dist_5b402162._.js:1747
[   24623ms] [LOG] [Fast Refresh] rebuilding @ http://localhost:3000/_next/static/chunks/node_modules_next_dist_client_d0aa886c._.js:2496
[   24820ms] [LOG] [Fast Refresh] done in 234ms @ http://localhost:3000/_next/static/chunks/node_modules_next_dist_client_d0aa886c._.js:2356
[   24934ms] [LOG] [Fast Refresh] rebuilding @ http://localhost:3000/_next/static/chunks/node_modules_next_dist_client_d0aa886c._.js:2496
[   25273ms] [LOG] [Fast Refresh] done in 442ms @ http://localhost:3000/_next/static/chunks/node_modules_next_dist_client_d0aa886c._.js:2356
[   25880ms] [INFO] %cDownload the React DevTools for a better development experience: https://react.dev/link/react-devtools font-weight:bold @ http://localhost:3000/_next/static/chunks/node_modules_next_dist_compiled_react-dom_1e674e59._.js:14537
[   30961ms] [LOG] [Fast Refresh] rebuilding @ http://localhost:3000/_next/static/chunks/node_modules_next_dist_client_cf1d9188._.js:5956
[   30978ms] [LOG] [Fast Refresh] done in 126ms @ http://localhost:3000/_next/static/chunks/node_modules_next_dist_client_cf1d9188._.js:5816
[   31213ms] [LOG] [Fast Refresh] rebuilding @ http://localhost:3000/_next/static/chunks/node_modules_next_dist_client_cf1d9188._.js:5956
[   31446ms] [LOG] [Fast Refresh] done in 273ms @ http://localhost:3000/_next/static/chunks/node_modules_next_dist_client_cf1d9188._.js:5816
[   31587ms] [LOG] [Fast Refresh] rebuilding @ http://localhost:3000/_next/static/chunks/node_modules_next_dist_client_cf1d9188._.js:5956
[   31606ms] [LOG] [Fast Refresh] done in 121ms @ http://localhost:3000/_next/static/chunks/node_modules_next_dist_client_cf1d9188._.js:5816
